<?xml version="1.0" encoding="UTF-8"?>
<!-- Generated by org.testng.reporters.JUnitReportReporter -->
<testsuite skipped="0" hostname="MAZDIMUS" name="test.LoginTest" tests="1" failures="0" timestamp="2020-11-08T22:05:21 CST" time="10.336" errors="0">
  <testcase name="login" time="10.336" classname="test.LoginTest"/>
  <system-out/>
</testsuite> <!-- test.LoginTest -->
